<?xml version="1.0" encoding="UTF-8"?>
<!-- Generated by org.testng.reporters.JUnitReportReporter -->
<testsuite hostname="DESKTOP-OQ9VIQI" failures="0" tests="2" name="actiTime_Test.actiTimeTest" time="22.132" errors="0" timestamp="2022-07-14T06:25:30 IST" skipped="0">
  <testcase classname="actiTime_Test.actiTimeTest" name="loginTC" time="0.815"/>
  <system-out/>
  <testcase classname="actiTime_Test.actiTimeTest" name="verifiLoginTc" time="21.317"/>
  <system-out/>
</testsuite> <!-- actiTime_Test.actiTimeTest -->
